* using log directory ‘/home/xguo/code/smriti/smriti.Rcheck’
* using R version 4.6.0 (2026-04-24)
* using platform: x86_64-redhat-linux-gnu
* R was compiled by
    gcc (GCC) 16.0.1 20260321 (Red Hat 16.0.1-0)
    GNU Fortran (GCC) 16.0.1 20260321 (Red Hat 16.0.1-0)
* running under: Fedora Linux 44 (Sway)
* using session charset: UTF-8
* current time: 2026-05-17 22:01:11 UTC
* using option ‘--as-cran’
* checking for file ‘smriti/DESCRIPTION’ ... OK
* this is package ‘smriti’ version ‘0.1.0’
* package encoding: UTF-8
* checking CRAN incoming feasibility ... NOTE
Maintainer: ‘Xiyuan Guo <tommyguo039@gmail.com>’

New submission
* checking package namespace information ... OK
* checking package dependencies ... OK
* checking if this is a source package ... OK
* checking if there is a namespace ... OK
* checking for executable files ... OK
* checking for hidden files and directories ... OK
* checking for portable file names ... OK
* checking for sufficient/correct file permissions ... OK
* checking serialization versions ... OK
* checking whether package ‘smriti’ can be installed ... [12s/12s] OK
* used C++ compiler: ‘g++ (GCC) 16.1.1 20260501 (Red Hat 16.1.1-1)’
* checking C++ specification ... INFO
  specified C++17
* checking installed package size ... OK
* checking package directory ... OK
* checking for future file timestamps ... OK
* checking ‘build’ directory ... OK
* checking DESCRIPTION meta-information ... OK
* checking top-level files ... OK
* checking for left-over files ... OK
* checking index information ... OK
* checking package subdirectories ... OK
* checking code files for non-ASCII characters ... OK
* checking R files for syntax errors ... OK
* checking whether the package can be loaded ... OK
* checking whether the package can be loaded with stated dependencies ... OK
* checking whether the package can be unloaded cleanly ... OK
* checking whether the namespace can be loaded with stated dependencies ... OK
* checking whether the namespace can be unloaded cleanly ... OK
* checking loading without being on the library search path ... OK
* checking use of S3 registration ... OK
* checking dependencies in R code ... OK
* checking S3 generic/method consistency ... OK
* checking replacement functions ... OK
* checking foreign function calls ... OK
* checking R code for possible problems ... OK
* checking Rd files ... OK
* checking Rd metadata ... OK
* checking Rd line widths ... OK
* checking Rd cross-references ... OK
* checking for missing documentation entries ... OK
* checking for code/documentation mismatches ... OK
* checking Rd \usage sections ... OK
* checking Rd contents ... OK
* checking for unstated dependencies in examples ... OK
* checking line endings in C/C++/Fortran sources/headers ... OK
* checking line endings in Makefiles ... OK
* checking compilation flags in Makevars ... OK
* checking for GNU extensions in Makefiles ... OK
* checking for portable use of $(BLAS_LIBS) and $(LAPACK_LIBS) ... OK
* checking use of PKG_*FLAGS in Makefiles ... OK
* checking use of SHLIB_OPENMP_*FLAGS in Makefiles ... OK
* checking pragmas in C/C++ headers and code ... OK
* checking compilation flags used ... NOTE
Compilation used the following non-portable flag(s):
  ‘-march=x86-64’ ‘-mno-omit-leaf-frame-pointer’ ‘-mtls-dialect=gnu2’
  ‘-Werror=format-security’ ‘-Wp,-D_GLIBCXX_ASSERTIONS’
  ‘-Wp,-U_FORTIFY_SOURCE,-D_FORTIFY_SOURCE=3’
* checking compiled code ... OK
* checking installed files from ‘inst/doc’ ... OK
* checking files in ‘vignettes’ ... OK
* checking examples ... NONE
* checking for unstated dependencies in ‘tests’ ... OK
* checking tests ... [32s/20s] OK
  Running ‘simulation_study.R’ [31s/20s]
* checking for unstated dependencies in vignettes ... OK
* checking package vignettes ... OK
* checking re-building of vignette outputs ... OK
* checking PDF version of manual ... OK
* checking HTML version of manual ... OK
* checking for non-standard things in the check directory ... OK
* checking for detritus in the temp directory ... OK
* DONE
Status: 2 NOTEs
