* installing *source* package ‘smriti’ ...
** this is package ‘smriti’ version ‘0.1.1’
** using staged installation
** libs
specified C++17
using C++ compiler: ‘g++ (GCC) 16.1.1 20260515 (Red Hat 16.1.1-2)’
using C++17
g++ -std=gnu++17 -I"/usr/include/R" -DNDEBUG  -I'/home/xguo/R/x86_64-redhat-linux-gnu-library/4.6/Rcpp/include' -I'/home/xguo/R/x86_64-redhat-linux-gnu-library/4.6/RcppArmadillo/include' -I/usr/local/include    -fpic  -O2 -flto=auto -ffat-lto-objects -fexceptions -g -grecord-gcc-switches -pipe -Wall -Werror=format-security -Wp,-U_FORTIFY_SOURCE,-D_FORTIFY_SOURCE=3 -Wp,-D_GLIBCXX_ASSERTIONS -specs=/usr/lib/rpm/redhat/redhat-hardened-cc1 -fstack-protector-strong -specs=/usr/lib/rpm/redhat/redhat-annobin-cc1  -m64 -march=x86-64 -mtune=generic -fasynchronous-unwind-tables -fstack-clash-protection -fcf-protection -mtls-dialect=gnu2 -fno-omit-frame-pointer -mno-omit-leaf-frame-pointer     -c RcppExports.cpp -o RcppExports.o
g++ -std=gnu++17 -I"/usr/include/R" -DNDEBUG  -I'/home/xguo/R/x86_64-redhat-linux-gnu-library/4.6/Rcpp/include' -I'/home/xguo/R/x86_64-redhat-linux-gnu-library/4.6/RcppArmadillo/include' -I/usr/local/include    -fpic  -O2 -flto=auto -ffat-lto-objects -fexceptions -g -grecord-gcc-switches -pipe -Wall -Werror=format-security -Wp,-U_FORTIFY_SOURCE,-D_FORTIFY_SOURCE=3 -Wp,-D_GLIBCXX_ASSERTIONS -specs=/usr/lib/rpm/redhat/redhat-hardened-cc1 -fstack-protector-strong -specs=/usr/lib/rpm/redhat/redhat-annobin-cc1  -m64 -march=x86-64 -mtune=generic -fasynchronous-unwind-tables -fstack-clash-protection -fcf-protection -mtls-dialect=gnu2 -fno-omit-frame-pointer -mno-omit-leaf-frame-pointer     -c lagrange.cpp -o lagrange.o
g++ -std=gnu++17 -shared -L/usr/lib64/R/lib -Wl,-z,relro -Wl,--as-needed -Wl,-z,pack-relative-relocs -Wl,-z,now -specs=/usr/lib/rpm/redhat/redhat-hardened-ld -specs=/usr/lib/rpm/redhat/redhat-hardened-ld-errors -specs=/usr/lib/rpm/redhat/redhat-annobin-cc1 -Wl,--build-id=sha1 -o smriti.so RcppExports.o lagrange.o -lflexiblas -lgfortran -lm -latomic_asneeded -lquadmath -L/usr/lib64/R/lib -lR
installing to /home/xguo/projects/smriti/smriti.Rcheck/00LOCK-smriti/00new/smriti/libs
** R
** inst
** byte-compile and prepare package for lazy loading
** help
*** installing help indices
  converting help for package ‘smriti’
    finding HTML links ... done
    smriti_forest                           html  
    smriti_impute                           html  
    smriti_mi                               html  
    smriti_mice                             html  
    smriti_ranger                           html  
** building package indices
** installing vignettes
** testing if installed package can be loaded from temporary location
** checking absolute paths in shared objects and dynamic libraries
** testing if installed package can be loaded from final location
** testing if installed package keeps a record of temporary installation path
* DONE (smriti)
